<?xml version="1.0" encoding="UTF-8"?>
<!-- Generated by org.testng.reporters.JUnitReportReporter -->
<testsuite hostname="DESKTOP-8IM418U" failures="0" tests="1" name="PetStore.LoginPageTest" time="19.273" errors="0" timestamp="2021-12-30T19:44:06 IST" skipped="0">
  <testcase classname="PetStore.LoginPageTest" name="loginTest" time="19.273"/>
  <system-out/>
</testsuite> <!-- PetStore.LoginPageTest -->
