<?xml version="1.0" encoding="UTF-8"?>
<!-- Generated by org.testng.reporters.JUnitReportReporter -->
<testsuite hostname="DESKTOP-8IM418U" failures="0" tests="1" name="PetStore.EndToEndTest" time="45.961" errors="0" timestamp="2021-12-30T19:41:16 IST" skipped="0">
  <testcase classname="PetStore.EndToEndTest" name="endToEndTest" time="45.961"/>
  <system-out/>
</testsuite> <!-- PetStore.EndToEndTest -->
