<?xml version="1.0" encoding="UTF-8"?>
<!-- Generated by org.testng.reporters.JUnitReportReporter -->
<testsuite hostname="DESKTOP-8IM418U" failures="0" tests="1" name="PetStore.OrderPageTest" time="9.888" errors="0" timestamp="2021-12-30T16:56:24 IST" skipped="0">
  <testcase classname="PetStore.OrderPageTest" name="verifyTotalPrice" time="9.888"/>
  <system-out/>
</testsuite> <!-- PetStore.OrderPageTest -->
