<?xml version="1.0" encoding="UTF-8"?>
<!-- Generated by org.testng.reporters.JUnitReportReporter -->
<testsuite hostname="DESKTOP-8IM418U" failures="0" tests="1" name="PetStore.IndexPageTest" time="3.169" errors="0" timestamp="2021-12-30T19:43:34 IST" skipped="0">
  <testcase classname="PetStore.IndexPageTest" name="verifyLogo" time="3.169"/>
  <system-out/>
</testsuite> <!-- PetStore.IndexPageTest -->
