<?xml version="1.0" encoding="UTF-8"?>
<!-- Generated by org.testng.reporters.JUnitReportReporter -->
<testsuite hostname="DESKTOP-8IM418U" failures="0" tests="1" name="PetStore.AddToCartPageTest" time="22.404" errors="0" timestamp="2021-12-30T19:40:12 IST" skipped="0">
  <testcase classname="PetStore.AddToCartPageTest" name="addToCartTest" time="22.404"/>
  <system-out/>
</testsuite> <!-- PetStore.AddToCartPageTest -->
