<?xml version="1.0" encoding="UTF-8"?>
<!-- Generated by org.testng.reporters.JUnitReportReporter -->
<testsuite hostname="DESKTOP-8IM418U" failures="0" tests="1" name="PetStore.SearchResultPageTest" time="13.120" errors="0" timestamp="2021-12-30T19:50:44 IST" skipped="0">
  <testcase classname="PetStore.SearchResultPageTest" name="productAvailability" time="13.120"/>
  <system-out/>
</testsuite> <!-- PetStore.SearchResultPageTest -->
