<?xml version="1.0" encoding="UTF-8"?>
<!-- Generated by org.testng.reporters.JUnitReportReporter -->
<testsuite hostname="DESKTOP-8IM418U" failures="0" tests="5" name="PetStore.HomePageTest" time="78.962" errors="0" timestamp="2021-12-30T19:42:45 IST" skipped="0">
  <testcase classname="PetStore.HomePageTest" name="myBirdsTest" time="15.955"/>
  <system-out/>
  <testcase classname="PetStore.HomePageTest" name="myCatsTest" time="15.931"/>
  <system-out/>
  <testcase classname="PetStore.HomePageTest" name="myFishTest" time="16.233"/>
  <system-out/>
  <testcase classname="PetStore.HomePageTest" name="myDogsTest" time="15.429"/>
  <system-out/>
  <testcase classname="PetStore.HomePageTest" name="myReptilesTest" time="15.414"/>
  <system-out/>
</testsuite> <!-- PetStore.HomePageTest -->
